#
# A fatal error has been detected by the Java Runtime Environment:
#
#  EXCEPTION_ACCESS_VIOLATION (0xc0000005) at pc=0x0000000069ac29bf, pid=14988, tid=6700
#
# JRE version: Java(TM) SE Runtime Environment (21.0.8+12) (build 21.0.8+12-LTS-250)
# Java VM: Java HotSpot(TM) 64-Bit Server VM (21.0.8+12-LTS-250, mixed mode, sharing, tiered, compressed oops, compressed class ptrs, g1 gc, windows-amd64)
# Problematic frame:
# C  [jansi-2.4.0-8f7bfbec3134f37c-jansi.dll+0x29bf]
#
# No core dump will be written. Minidumps are not enabled by default on client versions of Windows
#
# If you would like to submit a bug report, please visit:
#   https://bugreport.java.com/bugreport/crash.jsp
# The crash happened outside the Java Virtual Machine in native code.
# See problematic frame for where to report the bug.
#

---------------  S U M M A R Y ------------

Command Line: P:\2\U5-Arrays\Bibliotecas 1\out\production\Bibliotecas 1\lib\jansi-2.4.0.jar Principal

Host: Intel(R) Core(TM) i5-10500T CPU @ 2.30GHz, 4 cores, 15G,  Windows 10 , 64 bit Build 19041 (10.0.19041.5915)
Time: Mon Jan 26 11:44:28 2026 Hora estándar romance elapsed time: 0.278607 seconds (0d 0h 0m 0s)

---------------  T H R E A D  ---------------

Current thread (0x00000226251bda30):  JavaThread "main"             [_thread_in_native, id=6700, stack(0x000000343e000000,0x000000343e100000) (1024K)]

Stack: [0x000000343e000000,0x000000343e100000],  sp=0x000000343e0feb90,  free space=1018k
Native frames: (J=compiled Java code, j=interpreted, Vv=VM code, C=native code)
C  [jansi-2.4.0-8f7bfbec3134f37c-jansi.dll+0x29bf]

Java frames: (J=compiled Java code, j=interpreted, Vv=VM code)
j  org.fusesource.jansi.internal.CLibrary.isatty(I)I+0
j  org.fusesource.jansi.AnsiMain.diagnoseTty(Z)V+21
j  org.fusesource.jansi.AnsiMain.main([Ljava/lang/String;)V+910
v  ~StubRoutines::call_stub 0x0000022636d4100d

siginfo: EXCEPTION_ACCESS_VIOLATION (0xc0000005), writing address 0x0000000000000000


Registers:
RAX=0x0000000000000000, RBX=0x000002268741f698, RCX=0x0000000000000000, RDX=0x0000000069ac6362
RSP=0x000000343e0feb90, RBP=0x000000343e0ff058, RSI=0x000000000000389f, RDI=0x000000000000000e
R8 =0x000000343e0feb88, R9 =0x000000343e0ff058, R10=0x0000000000000000, R11=0x0000000000000246
R12=0x0000000000000000, R13=0x000002268741f698, R14=0x000000343e0ff078, R15=0x00000226251bda30
RIP=0x0000000069ac29bf, EFLAGS=0x0000000000010246


Register to memory mapping:

RAX=0x0 is null
RBX={method} {0x000002268741f6a0} 'isatty' '(I)I' in 'org/fusesource/jansi/internal/CLibrary'
RCX=0x0 is null
RDX=0x0000000069ac6362 jansi-2.4.0-8f7bfbec3134f37c-jansi.dll
RSP=0x000000343e0feb90 is pointing into the stack for thread: 0x00000226251bda30
RBP=0x000000343e0ff058 is pointing into the stack for thread: 0x00000226251bda30
RSI=0x000000000000389f is an unknown value
RDI=0x000000000000000e is an unknown value
R8 =0x000000343e0feb88 is pointing into the stack for thread: 0x00000226251bda30
R9 =0x000000343e0ff058 is pointing into the stack for thread: 0x00000226251bda30
R10=0x0 is null
R11=0x0000000000000246 is an unknown value
R12=0x0 is null
R13={method} {0x000002268741f6a0} 'isatty' '(I)I' in 'org/fusesource/jansi/internal/CLibrary'
R14=0x000000343e0ff078 is pointing into the stack for thread: 0x00000226251bda30
R15=0x00000226251bda30 is a thread

Top of Stack: (sp=0x000000343e0feb90)
0x000000343e0feb90:   000002268741f698 00007ffac7b4d790
0x000000343e0feba0:   000000343e0ff058 000000000000389f
0x000000343e0febb0:   000000343e0febcc 0000022636d4a3d5
0x000000343e0febc0:   000002268741f698 0000001000000000
0x000000343e0febd0:   0000000000000000 0000000000000000
0x000000343e0febe0:   000000343e0feee0 000000343e0feee0
0x000000343e0febf0:   00000000ffffffff 00007ffa2c53f060
0x000000343e0fec00:   000002268741f698 00000226251bda30
0x000000343e0fec10:   00007ffa2caab230 0000000000000000
0x000000343e0fec20:   00007ffa00000007 0000022636d4a3d5
0x000000343e0fec30:   000002268741f698 00007ffa2cddf300
0x000000343e0fec40:   000000343e0fef90 000000000000000e
0x000000343e0fec50:   0000000000000155 0000022636d6437e
0x000000343e0fec60:   000000343e0fed20 00007ffa2c3ccf2c
0x000000343e0fec70:   00007ffa2cddf3d0 000000343e0feda0
0x000000343e0fec80:   000000000000000e 000000343e0ff078
0x000000343e0fec90:   000000000000000e 00007ffa2c574b1c
0x000000343e0feca0:   00007ffa2cddf3d0 00007ffa2cddf3d0
0x000000343e0fecb0:   00007ffa2cddf3d0 000000000000389f
0x000000343e0fecc0:   00007ffa2cb312d0 0000003200000000
0x000000343e0fecd0:   0000000000000000 0000000000000000
0x000000343e0fece0:   00000226251a07a0 00000226251be090
0x000000343e0fecf0:   00000226251be0a0 00000226251be478
0x000000343e0fed00:   00000000000003d8 0000000000000000
0x000000343e0fed10:   000002268741f698 000000343e0fedc0
0x000000343e0fed20:   00007ffa2cb365a8 0000000000000000
0x000000343e0fed30:   0000000000000000 0000000000000000
0x000000343e0fed40:   0000000000000000 0000000000000000
0x000000343e0fed50:   0000000000000000 0000000000000000
0x000000343e0fed60:   0000000000000000 000000003e0f0000
0x000000343e0fed70:   00000226251be000 000000343e0fed20
0x000000343e0fed80:   0000022636d63480 0000000000000000 

Instructions: (pc=0x0000000069ac29bf)
0x0000000069ac28bf:   e1 49 89 c5 49 8b 04 24 48 8b 54 24 68 4c 89 6c
0x0000000069ac28cf:   24 20 ff 90 e0 06 00 00 4c 89 e8 66 41 c7 44 1d
0x0000000069ac28df:   fe 00 00 48 83 c4 40 5b 41 5c 41 5d c3 90 90 90
0x0000000069ac28ef:   90 41 54 48 81 ec 40 04 00 00 44 89 c1 ff 15 ea
0x0000000069ac28ff:   89 00 00 49 89 c4 48 89 c1 ff 15 16 89 00 00 83
0x0000000069ac290f:   f8 02 75 15 48 8d 54 24 40 4c 89 e1 ff 15 eb 88
0x0000000069ac291f:   00 00 85 c0 e9 ba 00 00 00 48 83 3d f0 66 00 00
0x0000000069ac292f:   00 75 14 48 8d 0d 07 3a 00 00 ff 15 1d 89 00 00
0x0000000069ac293f:   48 89 05 da 66 00 00 48 8b 0d d3 66 00 00 48 85
0x0000000069ac294f:   c9 75 07 31 c0 e9 aa 00 00 00 48 83 3d c7 66 00
0x0000000069ac295f:   00 00 75 14 48 8d 15 ea 39 00 00 ff 15 cc 88 00
0x0000000069ac296f:   00 48 89 05 b1 66 00 00 48 8b 05 aa 66 00 00 48
0x0000000069ac297f:   85 c0 74 cf 48 8d 54 24 3c 41 b9 fe 03 00 00 4c
0x0000000069ac298f:   8d 44 24 40 4c 89 e1 48 89 54 24 20 ba 01 00 00
0x0000000069ac299f:   00 ff d0 85 c0 75 ac 8b 44 24 40 4c 8b 64 24 48
0x0000000069ac29af:   48 8d 15 ac 39 00 00 66 d1 e8 4c 89 e1 0f b7 c0
0x0000000069ac29bf:   66 41 c7 04 44 00 00 e8 15 20 00 00 48 85 c0 74
0x0000000069ac29cf:   1a 48 8d 15 97 39 00 00 4c 89 e1 e8 01 20 00 00
0x0000000069ac29df:   48 85 c0 0f 95 c0 0f b6 c0 eb 19 48 8d 15 87 39
0x0000000069ac29ef:   00 00 4c 89 e1 e8 e7 1f 00 00 48 85 c0 75 d2 e9
0x0000000069ac29ff:   4f ff ff ff 48 81 c4 40 04 00 00 41 5c c3 90 90
0x0000000069ac2a0f:   90 41 54 48 83 ec 20 83 3d e3 67 00 00 00 49 89
0x0000000069ac2a1f:   cc 75 6b 48 8b 01 ff 90 f8 00 00 00 4c 8d 0d 5e
0x0000000069ac2a2f:   39 00 00 4c 8d 05 59 39 00 00 4c 89 e1 48 89 c2
0x0000000069ac2a3f:   48 89 05 c2 67 00 00 49 8b 04 24 ff 90 f0 02 00
0x0000000069ac2a4f:   00 48 8b 15 b1 67 00 00 4c 8d 0d 3f 39 00 00 4c
0x0000000069ac2a5f:   89 e1 48 89 05 a8 67 00 00 49 8b 04 24 4c 8d 05
0x0000000069ac2a6f:   2c 39 00 00 ff 90 f0 02 00 00 48 89 05 98 67 00
0x0000000069ac2a7f:   00 0f ae f0 c7 05 73 67 00 00 01 00 00 00 48 83
0x0000000069ac2a8f:   c4 20 41 5c c3 41 56 41 55 41 54 48 83 ec 20 83
0x0000000069ac2a9f:   3d 5b 67 00 00 00 49 89 cc 49 89 d6 4d 89 c5 75
0x0000000069ac2aaf:   05 e8 5b ff ff ff 49 8b 04 24 4c 89 f2 4c 89 e1 


Stack slot to memory mapping:

stack at sp + 0 slots: {method} {0x000002268741f6a0} 'isatty' '(I)I' in 'org/fusesource/jansi/internal/CLibrary'
stack at sp + 1 slots: 0x00007ffac7b4d790 ntdll.dll
stack at sp + 2 slots: 0x000000343e0ff058 is pointing into the stack for thread: 0x00000226251bda30
stack at sp + 3 slots: 0x000000000000389f is an unknown value
stack at sp + 4 slots: 0x000000343e0febcc is pointing into the stack for thread: 0x00000226251bda30
stack at sp + 5 slots: 0x0000022636d4a3d5 is at code_begin+21 in an Interpreter codelet
result handlers for native calls  [0x0000022636d4a3c0, 0x0000022636d4a3e0]  32 bytes
stack at sp + 6 slots: {method} {0x000002268741f6a0} 'isatty' '(I)I' in 'org/fusesource/jansi/internal/CLibrary'
stack at sp + 7 slots: 0x0000001000000000 is an unknown value


---------------  P R O C E S S  ---------------

Threads class SMR info:
_java_thread_list=0x000002268b14e410, length=11, elements={
0x00000226251bda30, 0x0000022645bb1760, 0x0000022645bb2670, 0x0000022645bb75d0,
0x0000022645bb8020, 0x0000022645bb8a70, 0x0000022645bc3920, 0x0000022645bc1bf0,
0x0000022645bc2a90, 0x000002268b170070, 0x000002268b170ca0
}

Java Threads: ( => current thread )
=>0x00000226251bda30 JavaThread "main"                              [_thread_in_native, id=6700, stack(0x000000343e000000,0x000000343e100000) (1024K)]
  0x0000022645bb1760 JavaThread "Reference Handler"          daemon [_thread_blocked, id=2396, stack(0x000000343e800000,0x000000343e900000) (1024K)]
  0x0000022645bb2670 JavaThread "Finalizer"                  daemon [_thread_blocked, id=1680, stack(0x000000343e900000,0x000000343ea00000) (1024K)]
  0x0000022645bb75d0 JavaThread "Signal Dispatcher"          daemon [_thread_blocked, id=17696, stack(0x000000343ea00000,0x000000343eb00000) (1024K)]
  0x0000022645bb8020 JavaThread "Attach Listener"            daemon [_thread_blocked, id=14900, stack(0x000000343eb00000,0x000000343ec00000) (1024K)]
  0x0000022645bb8a70 JavaThread "Service Thread"             daemon [_thread_blocked, id=2096, stack(0x000000343ec00000,0x000000343ed00000) (1024K)]
  0x0000022645bc3920 JavaThread "Monitor Deflation Thread"   daemon [_thread_blocked, id=17500, stack(0x000000343ed00000,0x000000343ee00000) (1024K)]
  0x0000022645bc1bf0 JavaThread "C2 CompilerThread0"         daemon [_thread_blocked, id=17692, stack(0x000000343ee00000,0x000000343ef00000) (1024K)]
  0x0000022645bc2a90 JavaThread "C1 CompilerThread0"         daemon [_thread_blocked, id=17716, stack(0x000000343ef00000,0x000000343f000000) (1024K)]
  0x000002268b170070 JavaThread "Notification Thread"        daemon [_thread_blocked, id=2452, stack(0x000000343f000000,0x000000343f100000) (1024K)]
  0x000002268b170ca0 JavaThread "Common-Cleaner"             daemon [_thread_blocked, id=15876, stack(0x000000343f100000,0x000000343f200000) (1024K)]
Total: 11

Other Threads:
  0x0000022645b91f80 VMThread "VM Thread"                           [id=7424, stack(0x000000343e700000,0x000000343e800000) (1024K)]
  0x0000022645b83030 WatcherThread "VM Periodic Task Thread"        [id=2444, stack(0x000000343e600000,0x000000343e700000) (1024K)]
  0x00000226273cfbd0 WorkerThread "GC Thread#0"                     [id=15544, stack(0x000000343e100000,0x000000343e200000) (1024K)]
  0x00000226273e10c0 ConcurrentGCThread "G1 Main Marker"            [id=17456, stack(0x000000343e200000,0x000000343e300000) (1024K)]
  0x00000226273e1bc0 WorkerThread "G1 Conc#0"                       [id=18080, stack(0x000000343e300000,0x000000343e400000) (1024K)]
  0x000002262743e7d0 ConcurrentGCThread "G1 Refine#0"               [id=13104, stack(0x000000343e400000,0x000000343e500000) (1024K)]
  0x0000022645a56610 ConcurrentGCThread "G1 Service"                [id=16004, stack(0x000000343e500000,0x000000343e600000) (1024K)]
Total: 7

Threads with active compile tasks:
Total: 0

VM state: not at safepoint (normal execution)

VM Mutex/Monitor currently owned by a thread: None

Heap address: 0x0000000704400000, size: 4028 MB, Compressed Oops mode: Zero based, Oop shift amount: 3

CDS archive(s) mapped at: [0x0000022646000000-0x0000022646c90000-0x0000022646c90000), size 13172736, SharedBaseAddress: 0x0000022646000000, ArchiveRelocationMode: 1.
Compressed class space mapped at: 0x0000022647000000-0x0000022687000000, reserved size: 1073741824
Narrow klass base: 0x0000022646000000, Narrow klass shift: 0, Narrow klass range: 0x100000000

GC Precious Log:
 CardTable entry size: 512
 Card Set container configuration: InlinePtr #cards 4 size 8 Array Of Cards #cards 16 size 48 Howl #buckets 8 coarsen threshold 3686 Howl Bitmap #cards 512 size 80 coarsen threshold 460 Card regions per heap region 1 cards per card region 4096
 CPUs: 4 total, 4 available
 Memory: 16109M
 Large Page Support: Disabled
 NUMA Support: Disabled
 Compressed Oops: Enabled (Zero based)
 Heap Region Size: 2M
 Heap Min Capacity: 8M
 Heap Initial Capacity: 252M
 Heap Max Capacity: 4028M
 Pre-touch: Disabled
 Parallel Workers: 4
 Concurrent Workers: 1
 Concurrent Refinement Workers: 4
 Periodic GC: Disabled

Heap:
 garbage-first heap   total 258048K, used 2048K [0x0000000704400000, 0x0000000800000000)
  region size 2048K, 2 young (4096K), 0 survivors (0K)
 Metaspace       used 623K, committed 768K, reserved 1114112K
  class space    used 48K, committed 128K, reserved 1048576K

Heap Regions: E=young(eden), S=young(survivor), O=old, HS=humongous(starts), HC=humongous(continues), CS=collection set, F=free, TAMS=top-at-mark-start, PB=parsable bottom
|   0|0x0000000704400000, 0x0000000704400000, 0x0000000704600000|  0%| F|  |TAMS 0x0000000704400000| PB 0x0000000704400000| Untracked 
|   1|0x0000000704600000, 0x0000000704600000, 0x0000000704800000|  0%| F|  |TAMS 0x0000000704600000| PB 0x0000000704600000| Untracked 
|   2|0x0000000704800000, 0x0000000704800000, 0x0000000704a00000|  0%| F|  |TAMS 0x0000000704800000| PB 0x0000000704800000| Untracked 
|   3|0x0000000704a00000, 0x0000000704a00000, 0x0000000704c00000|  0%| F|  |TAMS 0x0000000704a00000| PB 0x0000000704a00000| Untracked 
|   4|0x0000000704c00000, 0x0000000704c00000, 0x0000000704e00000|  0%| F|  |TAMS 0x0000000704c00000| PB 0x0000000704c00000| Untracked 
|   5|0x0000000704e00000, 0x0000000704e00000, 0x0000000705000000|  0%| F|  |TAMS 0x0000000704e00000| PB 0x0000000704e00000| Untracked 
|   6|0x0000000705000000, 0x0000000705000000, 0x0000000705200000|  0%| F|  |TAMS 0x0000000705000000| PB 0x0000000705000000| Untracked 
|   7|0x0000000705200000, 0x0000000705200000, 0x0000000705400000|  0%| F|  |TAMS 0x0000000705200000| PB 0x0000000705200000| Untracked 
|   8|0x0000000705400000, 0x0000000705400000, 0x0000000705600000|  0%| F|  |TAMS 0x0000000705400000| PB 0x0000000705400000| Untracked 
|   9|0x0000000705600000, 0x0000000705600000, 0x0000000705800000|  0%| F|  |TAMS 0x0000000705600000| PB 0x0000000705600000| Untracked 
|  10|0x0000000705800000, 0x0000000705800000, 0x0000000705a00000|  0%| F|  |TAMS 0x0000000705800000| PB 0x0000000705800000| Untracked 
|  11|0x0000000705a00000, 0x0000000705a00000, 0x0000000705c00000|  0%| F|  |TAMS 0x0000000705a00000| PB 0x0000000705a00000| Untracked 
|  12|0x0000000705c00000, 0x0000000705c00000, 0x0000000705e00000|  0%| F|  |TAMS 0x0000000705c00000| PB 0x0000000705c00000| Untracked 
|  13|0x0000000705e00000, 0x0000000705e00000, 0x0000000706000000|  0%| F|  |TAMS 0x0000000705e00000| PB 0x0000000705e00000| Untracked 
|  14|0x0000000706000000, 0x0000000706000000, 0x0000000706200000|  0%| F|  |TAMS 0x0000000706000000| PB 0x0000000706000000| Untracked 
|  15|0x0000000706200000, 0x0000000706200000, 0x0000000706400000|  0%| F|  |TAMS 0x0000000706200000| PB 0x0000000706200000| Untracked 
|  16|0x0000000706400000, 0x0000000706400000, 0x0000000706600000|  0%| F|  |TAMS 0x0000000706400000| PB 0x0000000706400000| Untracked 
|  17|0x0000000706600000, 0x0000000706600000, 0x0000000706800000|  0%| F|  |TAMS 0x0000000706600000| PB 0x0000000706600000| Untracked 
|  18|0x0000000706800000, 0x0000000706800000, 0x0000000706a00000|  0%| F|  |TAMS 0x0000000706800000| PB 0x0000000706800000| Untracked 
|  19|0x0000000706a00000, 0x0000000706a00000, 0x0000000706c00000|  0%| F|  |TAMS 0x0000000706a00000| PB 0x0000000706a00000| Untracked 
|  20|0x0000000706c00000, 0x0000000706c00000, 0x0000000706e00000|  0%| F|  |TAMS 0x0000000706c00000| PB 0x0000000706c00000| Untracked 
|  21|0x0000000706e00000, 0x0000000706e00000, 0x0000000707000000|  0%| F|  |TAMS 0x0000000706e00000| PB 0x0000000706e00000| Untracked 
|  22|0x0000000707000000, 0x0000000707000000, 0x0000000707200000|  0%| F|  |TAMS 0x0000000707000000| PB 0x0000000707000000| Untracked 
|  23|0x0000000707200000, 0x0000000707200000, 0x0000000707400000|  0%| F|  |TAMS 0x0000000707200000| PB 0x0000000707200000| Untracked 
|  24|0x0000000707400000, 0x0000000707400000, 0x0000000707600000|  0%| F|  |TAMS 0x0000000707400000| PB 0x0000000707400000| Untracked 
|  25|0x0000000707600000, 0x0000000707600000, 0x0000000707800000|  0%| F|  |TAMS 0x0000000707600000| PB 0x0000000707600000| Untracked 
|  26|0x0000000707800000, 0x0000000707800000, 0x0000000707a00000|  0%| F|  |TAMS 0x0000000707800000| PB 0x0000000707800000| Untracked 
|  27|0x0000000707a00000, 0x0000000707a00000, 0x0000000707c00000|  0%| F|  |TAMS 0x0000000707a00000| PB 0x0000000707a00000| Untracked 
|  28|0x0000000707c00000, 0x0000000707c00000, 0x0000000707e00000|  0%| F|  |TAMS 0x0000000707c00000| PB 0x0000000707c00000| Untracked 
|  29|0x0000000707e00000, 0x0000000707e00000, 0x0000000708000000|  0%| F|  |TAMS 0x0000000707e00000| PB 0x0000000707e00000| Untracked 
|  30|0x0000000708000000, 0x0000000708000000, 0x0000000708200000|  0%| F|  |TAMS 0x0000000708000000| PB 0x0000000708000000| Untracked 
|  31|0x0000000708200000, 0x0000000708200000, 0x0000000708400000|  0%| F|  |TAMS 0x0000000708200000| PB 0x0000000708200000| Untracked 
|  32|0x0000000708400000, 0x0000000708400000, 0x0000000708600000|  0%| F|  |TAMS 0x0000000708400000| PB 0x0000000708400000| Untracked 
|  33|0x0000000708600000, 0x0000000708600000, 0x0000000708800000|  0%| F|  |TAMS 0x0000000708600000| PB 0x0000000708600000| Untracked 
|  34|0x0000000708800000, 0x0000000708800000, 0x0000000708a00000|  0%| F|  |TAMS 0x0000000708800000| PB 0x0000000708800000| Untracked 
|  35|0x0000000708a00000, 0x0000000708a00000, 0x0000000708c00000|  0%| F|  |TAMS 0x0000000708a00000| PB 0x0000000708a00000| Untracked 
|  36|0x0000000708c00000, 0x0000000708c00000, 0x0000000708e00000|  0%| F|  |TAMS 0x0000000708c00000| PB 0x0000000708c00000| Untracked 
|  37|0x0000000708e00000, 0x0000000708e00000, 0x0000000709000000|  0%| F|  |TAMS 0x0000000708e00000| PB 0x0000000708e00000| Untracked 
|  38|0x0000000709000000, 0x0000000709000000, 0x0000000709200000|  0%| F|  |TAMS 0x0000000709000000| PB 0x0000000709000000| Untracked 
|  39|0x0000000709200000, 0x0000000709200000, 0x0000000709400000|  0%| F|  |TAMS 0x0000000709200000| PB 0x0000000709200000| Untracked 
|  40|0x0000000709400000, 0x0000000709400000, 0x0000000709600000|  0%| F|  |TAMS 0x0000000709400000| PB 0x0000000709400000| Untracked 
|  41|0x0000000709600000, 0x0000000709600000, 0x0000000709800000|  0%| F|  |TAMS 0x0000000709600000| PB 0x0000000709600000| Untracked 
|  42|0x0000000709800000, 0x0000000709800000, 0x0000000709a00000|  0%| F|  |TAMS 0x0000000709800000| PB 0x0000000709800000| Untracked 
|  43|0x0000000709a00000, 0x0000000709a00000, 0x0000000709c00000|  0%| F|  |TAMS 0x0000000709a00000| PB 0x0000000709a00000| Untracked 
|  44|0x0000000709c00000, 0x0000000709c00000, 0x0000000709e00000|  0%| F|  |TAMS 0x0000000709c00000| PB 0x0000000709c00000| Untracked 
|  45|0x0000000709e00000, 0x0000000709e00000, 0x000000070a000000|  0%| F|  |TAMS 0x0000000709e00000| PB 0x0000000709e00000| Untracked 
|  46|0x000000070a000000, 0x000000070a000000, 0x000000070a200000|  0%| F|  |TAMS 0x000000070a000000| PB 0x000000070a000000| Untracked 
|  47|0x000000070a200000, 0x000000070a200000, 0x000000070a400000|  0%| F|  |TAMS 0x000000070a200000| PB 0x000000070a200000| Untracked 
|  48|0x000000070a400000, 0x000000070a400000, 0x000000070a600000|  0%| F|  |TAMS 0x000000070a400000| PB 0x000000070a400000| Untracked 
|  49|0x000000070a600000, 0x000000070a600000, 0x000000070a800000|  0%| F|  |TAMS 0x000000070a600000| PB 0x000000070a600000| Untracked 
|  50|0x000000070a800000, 0x000000070a800000, 0x000000070aa00000|  0%| F|  |TAMS 0x000000070a800000| PB 0x000000070a800000| Untracked 
|  51|0x000000070aa00000, 0x000000070aa00000, 0x000000070ac00000|  0%| F|  |TAMS 0x000000070aa00000| PB 0x000000070aa00000| Untracked 
|  52|0x000000070ac00000, 0x000000070ac00000, 0x000000070ae00000|  0%| F|  |TAMS 0x000000070ac00000| PB 0x000000070ac00000| Untracked 
|  53|0x000000070ae00000, 0x000000070ae00000, 0x000000070b000000|  0%| F|  |TAMS 0x000000070ae00000| PB 0x000000070ae00000| Untracked 
|  54|0x000000070b000000, 0x000000070b000000, 0x000000070b200000|  0%| F|  |TAMS 0x000000070b000000| PB 0x000000070b000000| Untracked 
|  55|0x000000070b200000, 0x000000070b200000, 0x000000070b400000|  0%| F|  |TAMS 0x000000070b200000| PB 0x000000070b200000| Untracked 
|  56|0x000000070b400000, 0x000000070b400000, 0x000000070b600000|  0%| F|  |TAMS 0x000000070b400000| PB 0x000000070b400000| Untracked 
|  57|0x000000070b600000, 0x000000070b600000, 0x000000070b800000|  0%| F|  |TAMS 0x000000070b600000| PB 0x000000070b600000| Untracked 
|  58|0x000000070b800000, 0x000000070b800000, 0x000000070ba00000|  0%| F|  |TAMS 0x000000070b800000| PB 0x000000070b800000| Untracked 
|  59|0x000000070ba00000, 0x000000070ba00000, 0x000000070bc00000|  0%| F|  |TAMS 0x000000070ba00000| PB 0x000000070ba00000| Untracked 
|  60|0x000000070bc00000, 0x000000070bc00000, 0x000000070be00000|  0%| F|  |TAMS 0x000000070bc00000| PB 0x000000070bc00000| Untracked 
|  61|0x000000070be00000, 0x000000070be00000, 0x000000070c000000|  0%| F|  |TAMS 0x000000070be00000| PB 0x000000070be00000| Untracked 
|  62|0x000000070c000000, 0x000000070c000000, 0x000000070c200000|  0%| F|  |TAMS 0x000000070c000000| PB 0x000000070c000000| Untracked 
|  63|0x000000070c200000, 0x000000070c200000, 0x000000070c400000|  0%| F|  |TAMS 0x000000070c200000| PB 0x000000070c200000| Untracked 
|  64|0x000000070c400000, 0x000000070c400000, 0x000000070c600000|  0%| F|  |TAMS 0x000000070c400000| PB 0x000000070c400000| Untracked 
|  65|0x000000070c600000, 0x000000070c600000, 0x000000070c800000|  0%| F|  |TAMS 0x000000070c600000| PB 0x000000070c600000| Untracked 
|  66|0x000000070c800000, 0x000000070c800000, 0x000000070ca00000|  0%| F|  |TAMS 0x000000070c800000| PB 0x000000070c800000| Untracked 
|  67|0x000000070ca00000, 0x000000070ca00000, 0x000000070cc00000|  0%| F|  |TAMS 0x000000070ca00000| PB 0x000000070ca00000| Untracked 
|  68|0x000000070cc00000, 0x000000070cc00000, 0x000000070ce00000|  0%| F|  |TAMS 0x000000070cc00000| PB 0x000000070cc00000| Untracked 
|  69|0x000000070ce00000, 0x000000070ce00000, 0x000000070d000000|  0%| F|  |TAMS 0x000000070ce00000| PB 0x000000070ce00000| Untracked 
|  70|0x000000070d000000, 0x000000070d000000, 0x000000070d200000|  0%| F|  |TAMS 0x000000070d000000| PB 0x000000070d000000| Untracked 
|  71|0x000000070d200000, 0x000000070d200000, 0x000000070d400000|  0%| F|  |TAMS 0x000000070d200000| PB 0x000000070d200000| Untracked 
|  72|0x000000070d400000, 0x000000070d400000, 0x000000070d600000|  0%| F|  |TAMS 0x000000070d400000| PB 0x000000070d400000| Untracked 
|  73|0x000000070d600000, 0x000000070d600000, 0x000000070d800000|  0%| F|  |TAMS 0x000000070d600000| PB 0x000000070d600000| Untracked 
|  74|0x000000070d800000, 0x000000070d800000, 0x000000070da00000|  0%| F|  |TAMS 0x000000070d800000| PB 0x000000070d800000| Untracked 
|  75|0x000000070da00000, 0x000000070da00000, 0x000000070dc00000|  0%| F|  |TAMS 0x000000070da00000| PB 0x000000070da00000| Untracked 
|  76|0x000000070dc00000, 0x000000070dc00000, 0x000000070de00000|  0%| F|  |TAMS 0x000000070dc00000| PB 0x000000070dc00000| Untracked 
|  77|0x000000070de00000, 0x000000070de00000, 0x000000070e000000|  0%| F|  |TAMS 0x000000070de00000| PB 0x000000070de00000| Untracked 
|  78|0x000000070e000000, 0x000000070e000000, 0x000000070e200000|  0%| F|  |TAMS 0x000000070e000000| PB 0x000000070e000000| Untracked 
|  79|0x000000070e200000, 0x000000070e200000, 0x000000070e400000|  0%| F|  |TAMS 0x000000070e200000| PB 0x000000070e200000| Untracked 
|  80|0x000000070e400000, 0x000000070e400000, 0x000000070e600000|  0%| F|  |TAMS 0x000000070e400000| PB 0x000000070e400000| Untracked 
|  81|0x000000070e600000, 0x000000070e600000, 0x000000070e800000|  0%| F|  |TAMS 0x000000070e600000| PB 0x000000070e600000| Untracked 
|  82|0x000000070e800000, 0x000000070e800000, 0x000000070ea00000|  0%| F|  |TAMS 0x000000070e800000| PB 0x000000070e800000| Untracked 
|  83|0x000000070ea00000, 0x000000070ea00000, 0x000000070ec00000|  0%| F|  |TAMS 0x000000070ea00000| PB 0x000000070ea00000| Untracked 
|  84|0x000000070ec00000, 0x000000070ec00000, 0x000000070ee00000|  0%| F|  |TAMS 0x000000070ec00000| PB 0x000000070ec00000| Untracked 
|  85|0x000000070ee00000, 0x000000070ee00000, 0x000000070f000000|  0%| F|  |TAMS 0x000000070ee00000| PB 0x000000070ee00000| Untracked 
|  86|0x000000070f000000, 0x000000070f000000, 0x000000070f200000|  0%| F|  |TAMS 0x000000070f000000| PB 0x000000070f000000| Untracked 
|  87|0x000000070f200000, 0x000000070f200000, 0x000000070f400000|  0%| F|  |TAMS 0x000000070f200000| PB 0x000000070f200000| Untracked 
|  88|0x000000070f400000, 0x000000070f400000, 0x000000070f600000|  0%| F|  |TAMS 0x000000070f400000| PB 0x000000070f400000| Untracked 
|  89|0x000000070f600000, 0x000000070f600000, 0x000000070f800000|  0%| F|  |TAMS 0x000000070f600000| PB 0x000000070f600000| Untracked 
|  90|0x000000070f800000, 0x000000070f800000, 0x000000070fa00000|  0%| F|  |TAMS 0x000000070f800000| PB 0x000000070f800000| Untracked 
|  91|0x000000070fa00000, 0x000000070fa00000, 0x000000070fc00000|  0%| F|  |TAMS 0x000000070fa00000| PB 0x000000070fa00000| Untracked 
|  92|0x000000070fc00000, 0x000000070fc00000, 0x000000070fe00000|  0%| F|  |TAMS 0x000000070fc00000| PB 0x000000070fc00000| Untracked 
|  93|0x000000070fe00000, 0x000000070fe00000, 0x0000000710000000|  0%| F|  |TAMS 0x000000070fe00000| PB 0x000000070fe00000| Untracked 
|  94|0x0000000710000000, 0x0000000710000000, 0x0000000710200000|  0%| F|  |TAMS 0x0000000710000000| PB 0x0000000710000000| Untracked 
|  95|0x0000000710200000, 0x0000000710200000, 0x0000000710400000|  0%| F|  |TAMS 0x0000000710200000| PB 0x0000000710200000| Untracked 
|  96|0x0000000710400000, 0x0000000710400000, 0x0000000710600000|  0%| F|  |TAMS 0x0000000710400000| PB 0x0000000710400000| Untracked 
|  97|0x0000000710600000, 0x0000000710600000, 0x0000000710800000|  0%| F|  |TAMS 0x0000000710600000| PB 0x0000000710600000| Untracked 
|  98|0x0000000710800000, 0x0000000710800000, 0x0000000710a00000|  0%| F|  |TAMS 0x0000000710800000| PB 0x0000000710800000| Untracked 
|  99|0x0000000710a00000, 0x0000000710a00000, 0x0000000710c00000|  0%| F|  |TAMS 0x0000000710a00000| PB 0x0000000710a00000| Untracked 
| 100|0x0000000710c00000, 0x0000000710c00000, 0x0000000710e00000|  0%| F|  |TAMS 0x0000000710c00000| PB 0x0000000710c00000| Untracked 
| 101|0x0000000710e00000, 0x0000000710e00000, 0x0000000711000000|  0%| F|  |TAMS 0x0000000710e00000| PB 0x0000000710e00000| Untracked 
| 102|0x0000000711000000, 0x0000000711000000, 0x0000000711200000|  0%| F|  |TAMS 0x0000000711000000| PB 0x0000000711000000| Untracked 
| 103|0x0000000711200000, 0x0000000711200000, 0x0000000711400000|  0%| F|  |TAMS 0x0000000711200000| PB 0x0000000711200000| Untracked 
| 104|0x0000000711400000, 0x0000000711400000, 0x0000000711600000|  0%| F|  |TAMS 0x0000000711400000| PB 0x0000000711400000| Untracked 
| 105|0x0000000711600000, 0x0000000711600000, 0x0000000711800000|  0%| F|  |TAMS 0x0000000711600000| PB 0x0000000711600000| Untracked 
| 106|0x0000000711800000, 0x0000000711800000, 0x0000000711a00000|  0%| F|  |TAMS 0x0000000711800000| PB 0x0000000711800000| Untracked 
| 107|0x0000000711a00000, 0x0000000711a00000, 0x0000000711c00000|  0%| F|  |TAMS 0x0000000711a00000| PB 0x0000000711a00000| Untracked 
| 108|0x0000000711c00000, 0x0000000711c00000, 0x0000000711e00000|  0%| F|  |TAMS 0x0000000711c00000| PB 0x0000000711c00000| Untracked 
| 109|0x0000000711e00000, 0x0000000711e00000, 0x0000000712000000|  0%| F|  |TAMS 0x0000000711e00000| PB 0x0000000711e00000| Untracked 
| 110|0x0000000712000000, 0x0000000712000000, 0x0000000712200000|  0%| F|  |TAMS 0x0000000712000000| PB 0x0000000712000000| Untracked 
| 111|0x0000000712200000, 0x0000000712200000, 0x0000000712400000|  0%| F|  |TAMS 0x0000000712200000| PB 0x0000000712200000| Untracked 
| 112|0x0000000712400000, 0x0000000712400000, 0x0000000712600000|  0%| F|  |TAMS 0x0000000712400000| PB 0x0000000712400000| Untracked 
| 113|0x0000000712600000, 0x0000000712600000, 0x0000000712800000|  0%| F|  |TAMS 0x0000000712600000| PB 0x0000000712600000| Untracked 
| 114|0x0000000712800000, 0x0000000712800000, 0x0000000712a00000|  0%| F|  |TAMS 0x0000000712800000| PB 0x0000000712800000| Untracked 
| 115|0x0000000712a00000, 0x0000000712a00000, 0x0000000712c00000|  0%| F|  |TAMS 0x0000000712a00000| PB 0x0000000712a00000| Untracked 
| 116|0x0000000712c00000, 0x0000000712c00000, 0x0000000712e00000|  0%| F|  |TAMS 0x0000000712c00000| PB 0x0000000712c00000| Untracked 
| 117|0x0000000712e00000, 0x0000000712e00000, 0x0000000713000000|  0%| F|  |TAMS 0x0000000712e00000| PB 0x0000000712e00000| Untracked 
| 118|0x0000000713000000, 0x0000000713000000, 0x0000000713200000|  0%| F|  |TAMS 0x0000000713000000| PB 0x0000000713000000| Untracked 
| 119|0x0000000713200000, 0x0000000713200000, 0x0000000713400000|  0%| F|  |TAMS 0x0000000713200000| PB 0x0000000713200000| Untracked 
| 120|0x0000000713400000, 0x0000000713400000, 0x0000000713600000|  0%| F|  |TAMS 0x0000000713400000| PB 0x0000000713400000| Untracked 
| 121|0x0000000713600000, 0x0000000713600000, 0x0000000713800000|  0%| F|  |TAMS 0x0000000713600000| PB 0x0000000713600000| Untracked 
| 122|0x0000000713800000, 0x0000000713800000, 0x0000000713a00000|  0%| F|  |TAMS 0x0000000713800000| PB 0x0000000713800000| Untracked 
| 123|0x0000000713a00000, 0x0000000713a00000, 0x0000000713c00000|  0%| F|  |TAMS 0x0000000713a00000| PB 0x0000000713a00000| Untracked 
| 124|0x0000000713c00000, 0x0000000713c7ea48, 0x0000000713e00000| 24%| E|  |TAMS 0x0000000713c00000| PB 0x0000000713c00000| Complete 
| 125|0x0000000713e00000, 0x0000000714000000, 0x0000000714000000|100%| E|CS|TAMS 0x0000000713e00000| PB 0x0000000713e00000| Complete 

Card table byte_map: [0x000002263eff0000,0x000002263f7d0000] _byte_map_base: 0x000002263b7ce000

Marking Bits: (CMBitMap*) 0x00000226273d02d0
 Bits: [0x000002263f7d0000, 0x00000226436c0000)

Polling page: 0x0000022625500000

Metaspace:

Usage:
  Non-class:    574.78 KB used.
      Class:     48.96 KB used.
       Both:    623.74 KB used.

Virtual space:
  Non-class space:       64.00 MB reserved,     640.00 KB ( <1%) committed,  1 nodes.
      Class space:        1.00 GB reserved,     128.00 KB ( <1%) committed,  1 nodes.
             Both:        1.06 GB reserved,     768.00 KB ( <1%) committed. 

Chunk freelists:
   Non-Class:  11.88 MB
       Class:  15.74 MB
        Both:  27.61 MB

MaxMetaspaceSize: unlimited
CompressedClassSpaceSize: 1.00 GB
Initial GC threshold: 21.00 MB
Current GC threshold: 21.00 MB
CDS: on
 - commit_granule_bytes: 65536.
 - commit_granule_words: 8192.
 - virtual_space_node_default_size: 8388608.
 - enlarge_chunks_in_place: 1.
 - use_allocation_guard: 0.


Internal statistics:

num_allocs_failed_limit: 0.
num_arena_births: 6.
num_arena_deaths: 0.
num_vsnodes_births: 2.
num_vsnodes_deaths: 0.
num_space_committed: 12.
num_space_uncommitted: 0.
num_chunks_returned_to_freelist: 0.
num_chunks_taken_from_freelist: 18.
num_chunk_merges: 0.
num_chunk_splits: 10.
num_chunks_enlarged: 7.
num_inconsistent_stats: 0.

CodeHeap 'non-profiled nmethods': size=120000Kb used=65Kb max_used=65Kb free=119934Kb
 bounds [0x00000226372e0000, 0x0000022637550000, 0x000002263e810000]
CodeHeap 'profiled nmethods': size=120000Kb used=202Kb max_used=202Kb free=119797Kb
 bounds [0x000002262f810000, 0x000002262fa80000, 0x0000022636d40000]
CodeHeap 'non-nmethods': size=5760Kb used=1291Kb max_used=1304Kb free=4468Kb
 bounds [0x0000022636d40000, 0x0000022636fb0000, 0x00000226372e0000]
 total_blobs=601 nmethods=194 adapters=312
 compilation: enabled
              stopped_count=0, restarted_count=0
 full_count=0

Compilation events (20 events):
Event: 0.267 Thread 0x0000022645bc2a90 nmethod 182 0x000002262f83f190 code [0x000002262f83f360, 0x000002262f83f5b8]
Event: 0.267 Thread 0x0000022645bc2a90  185       3       java.util.TreeMap::parentOf (13 bytes)
Event: 0.268 Thread 0x0000022645bc2a90 nmethod 185 0x000002262f83f690 code [0x000002262f83f840, 0x000002262f83f9b0]
Event: 0.268 Thread 0x0000022645bc2a90  186       1       java.util.HashMap$Node::getKey (5 bytes)
Event: 0.268 Thread 0x0000022645bc2a90 nmethod 186 0x00000226372f0010 code [0x00000226372f01a0, 0x00000226372f0270]
Event: 0.268 Thread 0x0000022645bc2a90  187       1       java.util.HashMap$Node::getValue (5 bytes)
Event: 0.268 Thread 0x0000022645bc2a90 nmethod 187 0x00000226372f0310 code [0x00000226372f04a0, 0x00000226372f0570]
Event: 0.269 Thread 0x0000022645bc2a90  188       3       java.util.zip.ZipUtils::CENNAM (9 bytes)
Event: 0.269 Thread 0x0000022645bc2a90 nmethod 188 0x000002262f83fa90 code [0x000002262f83fc40, 0x000002262f83fde8]
Event: 0.269 Thread 0x0000022645bc2a90  190       3       jdk.internal.misc.VM::isBooted (13 bytes)
Event: 0.269 Thread 0x0000022645bc2a90 nmethod 190 0x000002262f83ff10 code [0x000002262f8400a0, 0x000002262f8401f8]
Event: 0.269 Thread 0x0000022645bc2a90  189       3       java.util.zip.ZipFile$Source::zipCoderForPos (39 bytes)
Event: 0.269 Thread 0x0000022645bc2a90 nmethod 189 0x000002262f840290 code [0x000002262f840460, 0x000002262f840860]
Event: 0.270 Thread 0x0000022645bc2a90  191       3       java.util.concurrent.locks.ReentrantLock::lock (8 bytes)
Event: 0.270 Thread 0x0000022645bc2a90 nmethod 191 0x000002262f840a10 code [0x000002262f840be0, 0x000002262f840e98]
Event: 0.270 Thread 0x0000022645bc2a90  192       3       java.util.concurrent.locks.ReentrantLock$Sync::lock (13 bytes)
Event: 0.270 Thread 0x0000022645bc2a90 nmethod 192 0x000002262f840f90 code [0x000002262f841140, 0x000002262f841390]
Event: 0.270 Thread 0x0000022645bc2a90  193       3       jdk.internal.misc.InternalLock::lock (8 bytes)
Event: 0.270 Thread 0x0000022645bc2a90 nmethod 193 0x000002262f841490 code [0x000002262f841660, 0x000002262f841a08]
Event: 0.270 Thread 0x0000022645bc2a90  194   !   3       jdk.internal.misc.Blocker::begin (97 bytes)

GC Heap History (0 events):
No events

Dll operation events (7 events):
Event: 0.050 Loaded shared library C:\Program Files\Java\jdk-21\bin\java.dll
Event: 0.191 Loaded shared library C:\Program Files\Java\jdk-21\bin\jsvml.dll
Event: 0.208 Loaded shared library C:\Program Files\Java\jdk-21\bin\net.dll
Event: 0.210 Loaded shared library C:\Program Files\Java\jdk-21\bin\nio.dll
Event: 0.214 Loaded shared library C:\Program Files\Java\jdk-21\bin\zip.dll
Event: 0.229 Loaded shared library C:\Program Files\Java\jdk-21\bin\jimage.dll
Event: 0.259 Loaded shared library C:\Users\ebarrab\AppData\Local\Temp\jansi-2.4.0-8f7bfbec3134f37c-jansi.dll

Deoptimization events (0 events):
No events

Classes loaded (20 events):
Event: 0.262 Loading class java/io/IOError
Event: 0.262 Loading class java/io/IOError done
Event: 0.263 Loading class java/nio/charset/UnsupportedCharsetException
Event: 0.263 Loading class java/nio/charset/UnsupportedCharsetException done
Event: 0.265 Loading class java/lang/ProcessEnvironment
Event: 0.265 Loading class java/lang/ProcessEnvironment done
Event: 0.265 Loading class java/lang/ProcessEnvironment$NameComparator
Event: 0.265 Loading class java/lang/ProcessEnvironment$NameComparator done
Event: 0.265 Loading class java/lang/ProcessEnvironment$EntryComparator
Event: 0.265 Loading class java/lang/ProcessEnvironment$EntryComparator done
Event: 0.266 Loading class java/lang/ProcessEnvironment$CheckedEntrySet
Event: 0.266 Loading class java/lang/ProcessEnvironment$CheckedEntrySet done
Event: 0.266 Loading class java/lang/ProcessEnvironment$CheckedEntrySet$1
Event: 0.266 Loading class java/lang/ProcessEnvironment$CheckedEntrySet$1 done
Event: 0.266 Loading class java/lang/ProcessEnvironment$CheckedEntry
Event: 0.266 Loading class java/lang/ProcessEnvironment$CheckedEntry done
Event: 0.268 Loading class java/util/concurrent/Callable
Event: 0.269 Loading class java/util/concurrent/Callable done
Event: 0.269 Loading class java/lang/InheritableThreadLocal
Event: 0.269 Loading class java/lang/InheritableThreadLocal done

Classes unloaded (0 events):
No events

Classes redefined (0 events):
No events

Internal exceptions (20 events):
Event: 0.267 Thread 0x00000226251bda30 Exception <a 'java/io/IOException'{0x0000000713c35218}> (0x0000000713c35218) 
thrown [s\open\src\hotspot\share\prims\jni.cpp, line 520]
Event: 0.267 Thread 0x00000226251bda30 Exception <a 'java/io/IOException'{0x0000000713c35530}> (0x0000000713c35530) 
thrown [s\open\src\hotspot\share\prims\jni.cpp, line 520]
Event: 0.267 Thread 0x00000226251bda30 Exception <a 'java/lang/NullPointerException'{0x0000000713c35878}> (0x0000000713c35878) 
thrown [s\open\src\hotspot\share\interpreter\linkResolver.cpp, line 1372]
Event: 0.267 Thread 0x00000226251bda30 Exception <a 'java/io/IOException'{0x0000000713c35c48}> (0x0000000713c35c48) 
thrown [s\open\src\hotspot\share\prims\jni.cpp, line 520]
Event: 0.267 Thread 0x00000226251bda30 Exception <a 'java/io/IOException'{0x0000000713c35f60}> (0x0000000713c35f60) 
thrown [s\open\src\hotspot\share\prims\jni.cpp, line 520]
Event: 0.269 Thread 0x00000226251bda30 Exception <a 'java/lang/NullPointerException'{0x0000000713c4b7b0}> (0x0000000713c4b7b0) 
thrown [s\open\src\hotspot\share\interpreter\linkResolver.cpp, line 1372]
Event: 0.269 Thread 0x00000226251bda30 Exception <a 'java/io/IOException'{0x0000000713c4bb58}> (0x0000000713c4bb58) 
thrown [s\open\src\hotspot\share\prims\jni.cpp, line 520]
Event: 0.269 Thread 0x00000226251bda30 Exception <a 'java/io/IOException'{0x0000000713c4be70}> (0x0000000713c4be70) 
thrown [s\open\src\hotspot\share\prims\jni.cpp, line 520]
Event: 0.269 Thread 0x00000226251bda30 Exception <a 'java/io/IOException'{0x0000000713c4c1c0}> (0x0000000713c4c1c0) 
thrown [s\open\src\hotspot\share\prims\jni.cpp, line 520]
Event: 0.269 Thread 0x00000226251bda30 Exception <a 'java/io/IOException'{0x0000000713c4c4d8}> (0x0000000713c4c4d8) 
thrown [s\open\src\hotspot\share\prims\jni.cpp, line 520]
Event: 0.269 Thread 0x00000226251bda30 Exception <a 'java/io/IOException'{0x0000000713c4c8d0}> (0x0000000713c4c8d0) 
thrown [s\open\src\hotspot\share\prims\jni.cpp, line 520]
Event: 0.269 Thread 0x00000226251bda30 Exception <a 'java/io/IOException'{0x0000000713c4cbe8}> (0x0000000713c4cbe8) 
thrown [s\open\src\hotspot\share\prims\jni.cpp, line 520]
Event: 0.269 Thread 0x00000226251bda30 Exception <a 'java/io/IOException'{0x0000000713c4cfe0}> (0x0000000713c4cfe0) 
thrown [s\open\src\hotspot\share\prims\jni.cpp, line 520]
Event: 0.269 Thread 0x00000226251bda30 Exception <a 'java/io/IOException'{0x0000000713c4d2f8}> (0x0000000713c4d2f8) 
thrown [s\open\src\hotspot\share\prims\jni.cpp, line 520]
Event: 0.270 Thread 0x00000226251bda30 Exception <a 'java/io/IOException'{0x0000000713c4d6f0}> (0x0000000713c4d6f0) 
thrown [s\open\src\hotspot\share\prims\jni.cpp, line 520]
Event: 0.270 Thread 0x00000226251bda30 Exception <a 'java/io/IOException'{0x0000000713c4da08}> (0x0000000713c4da08) 
thrown [s\open\src\hotspot\share\prims\jni.cpp, line 520]
Event: 0.270 Thread 0x00000226251bda30 Exception <a 'java/io/IOException'{0x0000000713c4de40}> (0x0000000713c4de40) 
thrown [s\open\src\hotspot\share\prims\jni.cpp, line 520]
Event: 0.270 Thread 0x00000226251bda30 Exception <a 'java/io/IOException'{0x0000000713c4e158}> (0x0000000713c4e158) 
thrown [s\open\src\hotspot\share\prims\jni.cpp, line 520]
Event: 0.270 Thread 0x00000226251bda30 Exception <a 'java/io/IOException'{0x0000000713c4e4a8}> (0x0000000713c4e4a8) 
thrown [s\open\src\hotspot\share\prims\jni.cpp, line 520]
Event: 0.270 Thread 0x00000226251bda30 Exception <a 'java/io/IOException'{0x0000000713c4e7c0}> (0x0000000713c4e7c0) 
thrown [s\open\src\hotspot\share\prims\jni.cpp, line 520]

ZGC Phase Switch (0 events):
No events

VM Operations (2 events):
Event: 0.216 Executing VM operation: HandshakeAllThreads (Deoptimize)
Event: 0.216 Executing VM operation: HandshakeAllThreads (Deoptimize) done

Events (11 events):
Event: 0.138 Thread 0x00000226251bda30 Thread added: 0x00000226251bda30
Event: 0.184 Thread 0x0000022645bb1760 Thread added: 0x0000022645bb1760
Event: 0.185 Thread 0x0000022645bb2670 Thread added: 0x0000022645bb2670
Event: 0.186 Thread 0x0000022645bb75d0 Thread added: 0x0000022645bb75d0
Event: 0.186 Thread 0x0000022645bb8020 Thread added: 0x0000022645bb8020
Event: 0.186 Thread 0x0000022645bb8a70 Thread added: 0x0000022645bb8a70
Event: 0.186 Thread 0x0000022645bc3920 Thread added: 0x0000022645bc3920
Event: 0.186 Thread 0x0000022645bc1bf0 Thread added: 0x0000022645bc1bf0
Event: 0.186 Thread 0x0000022645bc2a90 Thread added: 0x0000022645bc2a90
Event: 0.203 Thread 0x000002268b170070 Thread added: 0x000002268b170070
Event: 0.205 Thread 0x000002268b170ca0 Thread added: 0x000002268b170ca0


Dynamic libraries:
0x00007ff7773d0000 - 0x00007ff7773e0000 	C:\Program Files\Java\jdk-21\bin\javaw.exe
0x00007ffac7ab0000 - 0x00007ffac7ca8000 	C:\Windows\SYSTEM32\ntdll.dll
0x00007ffac7540000 - 0x00007ffac7602000 	C:\Windows\System32\KERNEL32.DLL
0x00007ffac5140000 - 0x00007ffac5436000 	C:\Windows\System32\KERNELBASE.dll
0x00007ffac54f0000 - 0x00007ffac55f0000 	C:\Windows\System32\ucrtbase.dll
0x00007ffab5090000 - 0x00007ffab50a9000 	C:\Program Files\Java\jdk-21\bin\jli.dll
0x00007ffac7370000 - 0x00007ffac7421000 	C:\Windows\System32\ADVAPI32.dll
0x00007ffac74a0000 - 0x00007ffac753e000 	C:\Windows\System32\msvcrt.dll
0x00007ffac6d70000 - 0x00007ffac6e0f000 	C:\Windows\System32\sechost.dll
0x00007ffac7250000 - 0x00007ffac7370000 	C:\Windows\System32\RPCRT4.dll
0x00007ffab3eb0000 - 0x00007ffab3ecb000 	C:\Program Files\Java\jdk-21\bin\VCRUNTIME140.dll
0x00007ffac59c0000 - 0x00007ffac59e7000 	C:\Windows\System32\bcrypt.dll
0x00007ffac60f0000 - 0x00007ffac6291000 	C:\Windows\System32\USER32.dll
0x00007ffac5910000 - 0x00007ffac5932000 	C:\Windows\System32\win32u.dll
0x00007ffac7a40000 - 0x00007ffac7a6b000 	C:\Windows\System32\GDI32.dll
0x00007ffac57f0000 - 0x00007ffac5909000 	C:\Windows\System32\gdi32full.dll
0x00007ffac55f0000 - 0x00007ffac568d000 	C:\Windows\System32\msvcp_win.dll
0x00007ffaafdf0000 - 0x00007ffab008b000 	C:\Windows\WinSxS\amd64_microsoft.windows.common-controls_6595b64144ccf1df_6.0.19041.6456_none_60b8a6cb71f64256\COMCTL32.dll
0x00007ffabdb70000 - 0x00007ffabdb7a000 	C:\Windows\SYSTEM32\VERSION.dll
0x00007ffac6e80000 - 0x00007ffac6eaf000 	C:\Windows\System32\IMM32.DLL
0x00007ffabfd30000 - 0x00007ffabfd3c000 	C:\Program Files\Java\jdk-21\bin\vcruntime140_1.dll
0x00007ffaa7aa0000 - 0x00007ffaa7b2e000 	C:\Program Files\Java\jdk-21\bin\msvcp140.dll
0x00007ffa2c1a0000 - 0x00007ffa2cebd000 	C:\Program Files\Java\jdk-21\bin\server\jvm.dll
0x00007ffac78d0000 - 0x00007ffac793b000 	C:\Windows\System32\WS2_32.dll
0x00007ffac4690000 - 0x00007ffac46db000 	C:\Windows\SYSTEM32\POWRPROF.dll
0x00007ffabb5b0000 - 0x00007ffabb5d7000 	C:\Windows\SYSTEM32\WINMM.dll
0x00007ffac4500000 - 0x00007ffac4512000 	C:\Windows\SYSTEM32\UMPDC.dll
0x00007ffac3c50000 - 0x00007ffac3c62000 	C:\Windows\SYSTEM32\kernel.appcore.dll
0x00007ffab45c0000 - 0x00007ffab45ca000 	C:\Program Files\Java\jdk-21\bin\jimage.dll
0x00007ffac3460000 - 0x00007ffac3661000 	C:\Windows\SYSTEM32\DBGHELP.DLL
0x00007ffabad40000 - 0x00007ffabad74000 	C:\Windows\SYSTEM32\dbgcore.DLL
0x00007ffac5a40000 - 0x00007ffac5ac2000 	C:\Windows\System32\bcryptPrimitives.dll
0x00007ffab3cf0000 - 0x00007ffab3d0f000 	C:\Program Files\Java\jdk-21\bin\java.dll
0x00007ffac6600000 - 0x00007ffac6d70000 	C:\Windows\System32\SHELL32.dll
0x00007ffac2340000 - 0x00007ffac2ae5000 	C:\Windows\SYSTEM32\windows.storage.dll
0x00007ffac62a0000 - 0x00007ffac65f4000 	C:\Windows\System32\combase.dll
0x00007ffac4a90000 - 0x00007ffac4abb000 	C:\Windows\SYSTEM32\Wldp.dll
0x00007ffac7180000 - 0x00007ffac724d000 	C:\Windows\System32\OLEAUT32.dll
0x00007ffac6fb0000 - 0x00007ffac705d000 	C:\Windows\System32\SHCORE.dll
0x00007ffac7870000 - 0x00007ffac78cb000 	C:\Windows\System32\shlwapi.dll
0x00007ffac5070000 - 0x00007ffac5094000 	C:\Windows\SYSTEM32\profapi.dll
0x00007ffa62230000 - 0x00007ffa62307000 	C:\Program Files\Java\jdk-21\bin\jsvml.dll
0x00007ffab3f70000 - 0x00007ffab3f80000 	C:\Program Files\Java\jdk-21\bin\net.dll
0x00007ffac1650000 - 0x00007ffac175a000 	C:\Windows\SYSTEM32\WINHTTP.dll
0x00007ffac4870000 - 0x00007ffac48da000 	C:\Windows\system32\mswsock.dll
0x00007ffab3cd0000 - 0x00007ffab3ce6000 	C:\Program Files\Java\jdk-21\bin\nio.dll
0x00007ffab3950000 - 0x00007ffab3968000 	C:\Program Files\Java\jdk-21\bin\zip.dll
0x0000000069ac0000 - 0x0000000069ae4000 	C:\Users\ebarrab\AppData\Local\Temp\jansi-2.4.0-8f7bfbec3134f37c-jansi.dll

dbghelp: loaded successfully - version: 4.0.5 - missing functions: none
symbol engine: initialized successfully - sym options: 0x614 - pdb path: .;C:\Program Files\Java\jdk-21\bin;C:\Windows\SYSTEM32;C:\Windows\WinSxS\amd64_microsoft.windows.common-controls_6595b64144ccf1df_6.0.19041.6456_none_60b8a6cb71f64256;C:\Program Files\Java\jdk-21\bin\server;C:\Users\ebarrab\AppData\Local\Temp

VM Arguments:
java_command: P:\2\U5-Arrays\Bibliotecas 1\out\production\Bibliotecas 1\lib\jansi-2.4.0.jar Principal
java_class_path (initial): P:\2\U5-Arrays\Bibliotecas 1\out\production\Bibliotecas 1\lib\jansi-2.4.0.jar
Launcher Type: SUN_STANDARD

[Global flags]
     intx CICompilerCount                          = 3                                         {product} {ergonomic}
     uint ConcGCThreads                            = 1                                         {product} {ergonomic}
     uint G1ConcRefinementThreads                  = 4                                         {product} {ergonomic}
   size_t G1HeapRegionSize                         = 2097152                                   {product} {ergonomic}
    uintx GCDrainStackTargetSize                   = 64                                        {product} {ergonomic}
   size_t InitialHeapSize                          = 264241152                                 {product} {ergonomic}
   size_t MarkStackSize                            = 4194304                                   {product} {ergonomic}
   size_t MaxHeapSize                              = 4223664128                                {product} {ergonomic}
   size_t MaxNewSize                               = 2533359616                                {product} {ergonomic}
   size_t MinHeapDeltaBytes                        = 2097152                                   {product} {ergonomic}
   size_t MinHeapSize                              = 8388608                                   {product} {ergonomic}
    uintx NonNMethodCodeHeapSize                   = 5832780                                {pd product} {ergonomic}
    uintx NonProfiledCodeHeapSize                  = 122912730                              {pd product} {ergonomic}
    uintx ProfiledCodeHeapSize                     = 122912730                              {pd product} {ergonomic}
    uintx ReservedCodeCacheSize                    = 251658240                              {pd product} {ergonomic}
     bool SegmentedCodeCache                       = true                                      {product} {ergonomic}
   size_t SoftMaxHeapSize                          = 4223664128                             {manageable} {ergonomic}
     bool UseCompressedOops                        = true                           {product lp64_product} {ergonomic}
     bool UseG1GC                                  = true                                      {product} {ergonomic}
     bool UseLargePagesIndividualAllocation        = false                                  {pd product} {ergonomic}

Logging:
Log output configuration:
 #0: stdout all=warning uptime,level,tags foldmultilines=false
 #1: stderr all=off uptime,level,tags foldmultilines=false

Environment Variables:
JAVA_HOME=C:\Program Files\Eclipse Adoptium\jre-8.0.372.7-hotspot\
PATH=C:\Program Files\BlueJ\jdk\bin;C:\app\Diurno\product\11.2.0\dbhome_2\bin;C:\Windows\system32;C:\Windows;C:\Windows\System32\Wbem;C:\Windows\System32\WindowsPowerShell\v1.0\;C:\Windows\System32\OpenSSH\;C:\Program Files\dotnet\;C:\xampp\php;C:\Program Files\PuTTY\;C:\Program Files\Docker\Docker\resources\bin;C:\Users\ebarrab\AppData\Local\Microsoft\WindowsApps;C:\Program Files\JetBrains\IntelliJ IDEA 2025.2.4\bin;C:\Users\ebarrab\AppData\Local\JetBrains\Toolbox\scripts;C:\Program Files\JetBrains\IntelliJ IDEA 2025.3.1\bin
USERNAME=ebarrab
TERM=xterm
OS=Windows_NT
PROCESSOR_IDENTIFIER=Intel64 Family 6 Model 165 Stepping 3, GenuineIntel
TMP=C:\Users\ebarrab\AppData\Local\Temp
TEMP=C:\Users\ebarrab\AppData\Local\Temp




Periodic native trim disabled

---------------  S Y S T E M  ---------------

OS:
 Windows 10 , 64 bit Build 19041 (10.0.19041.5915)
OS uptime: 0 days 3:25 hours
Hyper-V role detected

CPU: total 4 (initial active 4) (6 cores per cpu, 2 threads per core) family 6 model 165 stepping 3 microcode 0x100, cx8, cmov, fxsr, ht, mmx, 3dnowpref, sse, sse2, sse3, ssse3, sse4.1, sse4.2, popcnt, lzcnt, tsc, tscinvbit, avx, avx2, aes, erms, clmul, bmi1, bmi2, adx, fma, vzeroupper, clflush, clflushopt, hv, rdtscp, f16c
Processor Information for all 4 processors :
  Max Mhz: 2304, Current Mhz: 2304, Mhz Limit: 2304

Memory: 4k page, system-wide physical 16109M (5294M free)
TotalPageFile size 18541M (AvailPageFile size 5976M)
current process WorkingSet (physical memory assigned to process): 37M, peak: 37M
current process commit charge ("private bytes"): 328M, peak: 328M

vm_info: Java HotSpot(TM) 64-Bit Server VM (21.0.8+12-LTS-250) for windows-amd64 JRE (21.0.8+12-LTS-250), built on 2025-06-27T08:11:22Z by "mach5one" with MS VC++ 17.6 (VS2022)

END.
